#
# There is insufficient memory for the Java Runtime Environment to continue.
# Native memory allocation (malloc) failed to allocate 75520 bytes. Error detail: Chunk::new
# Possible reasons:
#   The system is out of physical RAM or swap space
#   This process is running with CompressedOops enabled, and the Java Heap may be blocking the growth of the native heap
# Possible solutions:
#   Reduce memory load on the system
#   Increase physical memory or swap space
#   Check if swap backing store is full
#   Decrease Java heap size (-Xmx/-Xms)
#   Decrease number of Java threads
#   Decrease Java thread stack sizes (-Xss)
#   Set larger code cache with -XX:ReservedCodeCacheSize=
#   JVM is running with Unscaled Compressed Oops mode in which the Java heap is
#     placed in the first 4GB address space. The Java Heap base address is the
#     maximum limit for the native heap growth. Please use -XX:HeapBaseMinAddress
#     to set the Java Heap base and to place the Java Heap above 4GB virtual address.
# This output file may be truncated or incomplete.
#
#  Out of Memory Error (arena.cpp:191), pid=19084, tid=20072
#
# JRE version: OpenJDK Runtime Environment Temurin-17.0.12+7 (17.0.12+7) (build 17.0.12+7)
# Java VM: OpenJDK 64-Bit Server VM Temurin-17.0.12+7 (17.0.12+7, mixed mode, sharing, tiered, compressed oops, compressed class ptrs, g1 gc, windows-amd64)
# No core dump will be written. Minidumps are not enabled by default on client versions of Windows
#

---------------  S U M M A R Y ------------

Command Line: -javaagent:E:\IntelliJ IDEA Community Edition 2024.3.1.1\lib\idea_rt.jar=54897:E:\IntelliJ IDEA Community Edition 2024.3.1.1\bin -Dfile.encoding=UTF-8 com.example.shop.ShopApplication

Host: 11th Gen Intel(R) Core(TM) i5-1135G7 @ 2.40GHz, 8 cores, 7G,  Windows 11 , 64 bit Build 22621 (10.0.22621.4391)
Time: Sun Feb 23 12:16:50 2025 SE Asia Standard Time elapsed time: 0.477454 seconds (0d 0h 0m 0s)

---------------  T H R E A D  ---------------

Current thread (0x000001d3dc1087d0):  JavaThread "C2 CompilerThread0" daemon [_thread_in_native, id=20072, stack(0x000000adfa800000,0x000000adfa900000)]


Current CompileTask:
C2:    478  514       4       java.lang.StringLatin1::replace (198 bytes)

Stack: [0x000000adfa800000,0x000000adfa900000]
Native frames: (J=compiled Java code, j=interpreted, Vv=VM code, C=native code)
V  [jvm.dll+0x67f929]
V  [jvm.dll+0x8371ba]
V  [jvm.dll+0x838c7e]
V  [jvm.dll+0x8392e3]
V  [jvm.dll+0x24834f]
V  [jvm.dll+0xac9d4]
V  [jvm.dll+0xad01c]
V  [jvm.dll+0x3674a7]
V  [jvm.dll+0x1bd562]
V  [jvm.dll+0x21aa09]
V  [jvm.dll+0x219cf1]
V  [jvm.dll+0x1a58bd]
V  [jvm.dll+0x229a2d]
V  [jvm.dll+0x227bdc]
V  [jvm.dll+0x7ec1f7]
V  [jvm.dll+0x7e65dc]
V  [jvm.dll+0x67e7f7]
C  [ucrtbase.dll+0x29333]
C  [KERNEL32.DLL+0x1259d]
C  [ntdll.dll+0x5af38]


---------------  P R O C E S S  ---------------

Threads class SMR info:
_java_thread_list=0x000001d3dc49b550, length=13, elements={
0x000001d3f8d56360, 0x000001d396f83ff0, 0x000001d396f86ac0, 0x000001d396f9e960,
0x000001d396f9f320, 0x000001d396f9fce0, 0x000001d396fa2ab0, 0x000001d3dc1087d0,
0x000001d396fa6c40, 0x000001d396fad5c0, 0x000001d3dc1fd790, 0x000001d3dc3ce1a0,
0x000001d3dc3e9c30
}

Java Threads: ( => current thread )
  0x000001d3f8d56360 JavaThread "main" [_thread_in_Java, id=17268, stack(0x000000adf9b00000,0x000000adf9c00000)]
  0x000001d396f83ff0 JavaThread "Reference Handler" daemon [_thread_blocked, id=19012, stack(0x000000adfa200000,0x000000adfa300000)]
  0x000001d396f86ac0 JavaThread "Finalizer" daemon [_thread_blocked, id=20692, stack(0x000000adfa300000,0x000000adfa400000)]
  0x000001d396f9e960 JavaThread "Signal Dispatcher" daemon [_thread_blocked, id=10436, stack(0x000000adfa400000,0x000000adfa500000)]
  0x000001d396f9f320 JavaThread "Attach Listener" daemon [_thread_blocked, id=9436, stack(0x000000adfa500000,0x000000adfa600000)]
  0x000001d396f9fce0 JavaThread "Service Thread" daemon [_thread_blocked, id=8624, stack(0x000000adfa600000,0x000000adfa700000)]
  0x000001d396fa2ab0 JavaThread "Monitor Deflation Thread" daemon [_thread_blocked, id=11588, stack(0x000000adfa700000,0x000000adfa800000)]
=>0x000001d3dc1087d0 JavaThread "C2 CompilerThread0" daemon [_thread_in_native, id=20072, stack(0x000000adfa800000,0x000000adfa900000)]
  0x000001d396fa6c40 JavaThread "C1 CompilerThread0" daemon [_thread_in_native, id=11504, stack(0x000000adfa900000,0x000000adfaa00000)]
  0x000001d396fad5c0 JavaThread "Sweeper thread" daemon [_thread_blocked, id=17016, stack(0x000000adfaa00000,0x000000adfab00000)]
  0x000001d3dc1fd790 JavaThread "Common-Cleaner" daemon [_thread_blocked, id=1312, stack(0x000000adfab00000,0x000000adfac00000)]
  0x000001d3dc3ce1a0 JavaThread "Monitor Ctrl-Break" daemon [_thread_in_native, id=21356, stack(0x000000adfac00000,0x000000adfad00000)]
  0x000001d3dc3e9c30 JavaThread "Notification Thread" daemon [_thread_blocked, id=9604, stack(0x000000adfad00000,0x000000adfae00000)]

Other Threads:
  0x000001d396f7f540 VMThread "VM Thread" [stack: 0x000000adfa100000,0x000000adfa200000] [id=20136]
  0x000001d3dc3ea590 WatcherThread [stack: 0x000000adfae00000,0x000000adfaf00000] [id=19288]
  0x000001d3f8daf8b0 GCTaskThread "GC Thread#0" [stack: 0x000000adf9c00000,0x000000adf9d00000] [id=10680]
  0x000001d3f8dbfec0 ConcurrentGCThread "G1 Main Marker" [stack: 0x000000adf9d00000,0x000000adf9e00000] [id=19848]
  0x000001d3f8dc08e0 ConcurrentGCThread "G1 Conc#0" [stack: 0x000000adf9e00000,0x000000adf9f00000] [id=18532]
  0x000001d3f8dfecd0 ConcurrentGCThread "G1 Refine#0" [stack: 0x000000adf9f00000,0x000000adfa000000] [id=19776]
  0x000001d396e2a360 ConcurrentGCThread "G1 Service" [stack: 0x000000adfa000000,0x000000adfa100000] [id=7540]

Threads with active compile tasks:
C2 CompilerThread0      508  514       4       java.lang.StringLatin1::replace (198 bytes)
C1 CompilerThread0      508  622       3       java.io.DataInputStream::readUTF (501 bytes)

VM state: not at safepoint (normal execution)

VM Mutex/Monitor currently owned by a thread: None

Heap address: 0x0000000084a00000, size: 1974 MB, Compressed Oops mode: 32-bit

CDS archive(s) mapped at: [0x000001d397000000-0x000001d397bb0000-0x000001d397bb0000), size 12255232, SharedBaseAddress: 0x000001d397000000, ArchiveRelocationMode: 1.
Compressed class space mapped at: 0x000001d398000000-0x000001d3d8000000, reserved size: 1073741824
Narrow klass base: 0x000001d397000000, Narrow klass shift: 0, Narrow klass range: 0x100000000

GC Precious Log:
 CPUs: 8 total, 8 available
 Memory: 7888M
 Large Page Support: Disabled
 NUMA Support: Disabled
 Compressed Oops: Enabled (32-bit)
 Heap Region Size: 1M
 Heap Min Capacity: 8M
 Heap Initial Capacity: 124M
 Heap Max Capacity: 1974M
 Pre-touch: Disabled
 Parallel Workers: 8
 Concurrent Workers: 2
 Concurrent Refinement Workers: 8
 Periodic GC: Disabled

Heap:
 garbage-first heap   total 126976K, used 11264K [0x0000000084a00000, 0x0000000100000000)
  region size 1024K, 11 young (11264K), 0 survivors (0K)
 Metaspace       used 2381K, committed 2496K, reserved 1114112K
  class space    used 212K, committed 256K, reserved 1048576K

Heap Regions: E=young(eden), S=young(survivor), O=old, HS=humongous(starts), HC=humongous(continues), CS=collection set, F=free, OA=open archive, CA=closed archive, TAMS=top-at-mark-start (previous, next)
|   0|0x0000000084a00000, 0x0000000084b00000, 0x0000000084b00000|100%|HS|  |TAMS 0x0000000084a00000, 0x0000000084a00000| Complete 
|   1|0x0000000084b00000, 0x0000000084c00000, 0x0000000084c00000|100%|HS|  |TAMS 0x0000000084b00000, 0x0000000084b00000| Complete 
|   2|0x0000000084c00000, 0x0000000084c00000, 0x0000000084d00000|  0%| F|  |TAMS 0x0000000084c00000, 0x0000000084c00000| Untracked 
|   3|0x0000000084d00000, 0x0000000084d00000, 0x0000000084e00000|  0%| F|  |TAMS 0x0000000084d00000, 0x0000000084d00000| Untracked 
|   4|0x0000000084e00000, 0x0000000084e00000, 0x0000000084f00000|  0%| F|  |TAMS 0x0000000084e00000, 0x0000000084e00000| Untracked 
|   5|0x0000000084f00000, 0x0000000084f00000, 0x0000000085000000|  0%| F|  |TAMS 0x0000000084f00000, 0x0000000084f00000| Untracked 
|   6|0x0000000085000000, 0x0000000085000000, 0x0000000085100000|  0%| F|  |TAMS 0x0000000085000000, 0x0000000085000000| Untracked 
|   7|0x0000000085100000, 0x0000000085100000, 0x0000000085200000|  0%| F|  |TAMS 0x0000000085100000, 0x0000000085100000| Untracked 
|   8|0x0000000085200000, 0x0000000085200000, 0x0000000085300000|  0%| F|  |TAMS 0x0000000085200000, 0x0000000085200000| Untracked 
|   9|0x0000000085300000, 0x0000000085300000, 0x0000000085400000|  0%| F|  |TAMS 0x0000000085300000, 0x0000000085300000| Untracked 
|  10|0x0000000085400000, 0x0000000085400000, 0x0000000085500000|  0%| F|  |TAMS 0x0000000085400000, 0x0000000085400000| Untracked 
|  11|0x0000000085500000, 0x0000000085500000, 0x0000000085600000|  0%| F|  |TAMS 0x0000000085500000, 0x0000000085500000| Untracked 
|  12|0x0000000085600000, 0x0000000085600000, 0x0000000085700000|  0%| F|  |TAMS 0x0000000085600000, 0x0000000085600000| Untracked 
|  13|0x0000000085700000, 0x0000000085700000, 0x0000000085800000|  0%| F|  |TAMS 0x0000000085700000, 0x0000000085700000| Untracked 
|  14|0x0000000085800000, 0x0000000085800000, 0x0000000085900000|  0%| F|  |TAMS 0x0000000085800000, 0x0000000085800000| Untracked 
|  15|0x0000000085900000, 0x0000000085900000, 0x0000000085a00000|  0%| F|  |TAMS 0x0000000085900000, 0x0000000085900000| Untracked 
|  16|0x0000000085a00000, 0x0000000085a00000, 0x0000000085b00000|  0%| F|  |TAMS 0x0000000085a00000, 0x0000000085a00000| Untracked 
|  17|0x0000000085b00000, 0x0000000085b00000, 0x0000000085c00000|  0%| F|  |TAMS 0x0000000085b00000, 0x0000000085b00000| Untracked 
|  18|0x0000000085c00000, 0x0000000085c00000, 0x0000000085d00000|  0%| F|  |TAMS 0x0000000085c00000, 0x0000000085c00000| Untracked 
|  19|0x0000000085d00000, 0x0000000085d00000, 0x0000000085e00000|  0%| F|  |TAMS 0x0000000085d00000, 0x0000000085d00000| Untracked 
|  20|0x0000000085e00000, 0x0000000085e00000, 0x0000000085f00000|  0%| F|  |TAMS 0x0000000085e00000, 0x0000000085e00000| Untracked 
|  21|0x0000000085f00000, 0x0000000085f00000, 0x0000000086000000|  0%| F|  |TAMS 0x0000000085f00000, 0x0000000085f00000| Untracked 
|  22|0x0000000086000000, 0x0000000086000000, 0x0000000086100000|  0%| F|  |TAMS 0x0000000086000000, 0x0000000086000000| Untracked 
|  23|0x0000000086100000, 0x0000000086100000, 0x0000000086200000|  0%| F|  |TAMS 0x0000000086100000, 0x0000000086100000| Untracked 
|  24|0x0000000086200000, 0x0000000086200000, 0x0000000086300000|  0%| F|  |TAMS 0x0000000086200000, 0x0000000086200000| Untracked 
|  25|0x0000000086300000, 0x0000000086300000, 0x0000000086400000|  0%| F|  |TAMS 0x0000000086300000, 0x0000000086300000| Untracked 
|  26|0x0000000086400000, 0x0000000086400000, 0x0000000086500000|  0%| F|  |TAMS 0x0000000086400000, 0x0000000086400000| Untracked 
|  27|0x0000000086500000, 0x0000000086500000, 0x0000000086600000|  0%| F|  |TAMS 0x0000000086500000, 0x0000000086500000| Untracked 
|  28|0x0000000086600000, 0x0000000086600000, 0x0000000086700000|  0%| F|  |TAMS 0x0000000086600000, 0x0000000086600000| Untracked 
|  29|0x0000000086700000, 0x0000000086700000, 0x0000000086800000|  0%| F|  |TAMS 0x0000000086700000, 0x0000000086700000| Untracked 
|  30|0x0000000086800000, 0x0000000086800000, 0x0000000086900000|  0%| F|  |TAMS 0x0000000086800000, 0x0000000086800000| Untracked 
|  31|0x0000000086900000, 0x0000000086900000, 0x0000000086a00000|  0%| F|  |TAMS 0x0000000086900000, 0x0000000086900000| Untracked 
|  32|0x0000000086a00000, 0x0000000086a00000, 0x0000000086b00000|  0%| F|  |TAMS 0x0000000086a00000, 0x0000000086a00000| Untracked 
|  33|0x0000000086b00000, 0x0000000086b00000, 0x0000000086c00000|  0%| F|  |TAMS 0x0000000086b00000, 0x0000000086b00000| Untracked 
|  34|0x0000000086c00000, 0x0000000086c00000, 0x0000000086d00000|  0%| F|  |TAMS 0x0000000086c00000, 0x0000000086c00000| Untracked 
|  35|0x0000000086d00000, 0x0000000086d00000, 0x0000000086e00000|  0%| F|  |TAMS 0x0000000086d00000, 0x0000000086d00000| Untracked 
|  36|0x0000000086e00000, 0x0000000086e00000, 0x0000000086f00000|  0%| F|  |TAMS 0x0000000086e00000, 0x0000000086e00000| Untracked 
|  37|0x0000000086f00000, 0x0000000086f00000, 0x0000000087000000|  0%| F|  |TAMS 0x0000000086f00000, 0x0000000086f00000| Untracked 
|  38|0x0000000087000000, 0x0000000087000000, 0x0000000087100000|  0%| F|  |TAMS 0x0000000087000000, 0x0000000087000000| Untracked 
|  39|0x0000000087100000, 0x0000000087100000, 0x0000000087200000|  0%| F|  |TAMS 0x0000000087100000, 0x0000000087100000| Untracked 
|  40|0x0000000087200000, 0x0000000087200000, 0x0000000087300000|  0%| F|  |TAMS 0x0000000087200000, 0x0000000087200000| Untracked 
|  41|0x0000000087300000, 0x0000000087300000, 0x0000000087400000|  0%| F|  |TAMS 0x0000000087300000, 0x0000000087300000| Untracked 
|  42|0x0000000087400000, 0x0000000087400000, 0x0000000087500000|  0%| F|  |TAMS 0x0000000087400000, 0x0000000087400000| Untracked 
|  43|0x0000000087500000, 0x0000000087500000, 0x0000000087600000|  0%| F|  |TAMS 0x0000000087500000, 0x0000000087500000| Untracked 
|  44|0x0000000087600000, 0x0000000087600000, 0x0000000087700000|  0%| F|  |TAMS 0x0000000087600000, 0x0000000087600000| Untracked 
|  45|0x0000000087700000, 0x0000000087700000, 0x0000000087800000|  0%| F|  |TAMS 0x0000000087700000, 0x0000000087700000| Untracked 
|  46|0x0000000087800000, 0x0000000087800000, 0x0000000087900000|  0%| F|  |TAMS 0x0000000087800000, 0x0000000087800000| Untracked 
|  47|0x0000000087900000, 0x0000000087900000, 0x0000000087a00000|  0%| F|  |TAMS 0x0000000087900000, 0x0000000087900000| Untracked 
|  48|0x0000000087a00000, 0x0000000087a00000, 0x0000000087b00000|  0%| F|  |TAMS 0x0000000087a00000, 0x0000000087a00000| Untracked 
|  49|0x0000000087b00000, 0x0000000087b00000, 0x0000000087c00000|  0%| F|  |TAMS 0x0000000087b00000, 0x0000000087b00000| Untracked 
|  50|0x0000000087c00000, 0x0000000087c00000, 0x0000000087d00000|  0%| F|  |TAMS 0x0000000087c00000, 0x0000000087c00000| Untracked 
|  51|0x0000000087d00000, 0x0000000087d00000, 0x0000000087e00000|  0%| F|  |TAMS 0x0000000087d00000, 0x0000000087d00000| Untracked 
|  52|0x0000000087e00000, 0x0000000087e00000, 0x0000000087f00000|  0%| F|  |TAMS 0x0000000087e00000, 0x0000000087e00000| Untracked 
|  53|0x0000000087f00000, 0x0000000087f00000, 0x0000000088000000|  0%| F|  |TAMS 0x0000000087f00000, 0x0000000087f00000| Untracked 
|  54|0x0000000088000000, 0x0000000088000000, 0x0000000088100000|  0%| F|  |TAMS 0x0000000088000000, 0x0000000088000000| Untracked 
|  55|0x0000000088100000, 0x0000000088100000, 0x0000000088200000|  0%| F|  |TAMS 0x0000000088100000, 0x0000000088100000| Untracked 
|  56|0x0000000088200000, 0x0000000088200000, 0x0000000088300000|  0%| F|  |TAMS 0x0000000088200000, 0x0000000088200000| Untracked 
|  57|0x0000000088300000, 0x0000000088300000, 0x0000000088400000|  0%| F|  |TAMS 0x0000000088300000, 0x0000000088300000| Untracked 
|  58|0x0000000088400000, 0x0000000088400000, 0x0000000088500000|  0%| F|  |TAMS 0x0000000088400000, 0x0000000088400000| Untracked 
|  59|0x0000000088500000, 0x0000000088500000, 0x0000000088600000|  0%| F|  |TAMS 0x0000000088500000, 0x0000000088500000| Untracked 
|  60|0x0000000088600000, 0x0000000088600000, 0x0000000088700000|  0%| F|  |TAMS 0x0000000088600000, 0x0000000088600000| Untracked 
|  61|0x0000000088700000, 0x0000000088700000, 0x0000000088800000|  0%| F|  |TAMS 0x0000000088700000, 0x0000000088700000| Untracked 
|  62|0x0000000088800000, 0x0000000088800000, 0x0000000088900000|  0%| F|  |TAMS 0x0000000088800000, 0x0000000088800000| Untracked 
|  63|0x0000000088900000, 0x0000000088900000, 0x0000000088a00000|  0%| F|  |TAMS 0x0000000088900000, 0x0000000088900000| Untracked 
|  64|0x0000000088a00000, 0x0000000088a00000, 0x0000000088b00000|  0%| F|  |TAMS 0x0000000088a00000, 0x0000000088a00000| Untracked 
|  65|0x0000000088b00000, 0x0000000088b00000, 0x0000000088c00000|  0%| F|  |TAMS 0x0000000088b00000, 0x0000000088b00000| Untracked 
|  66|0x0000000088c00000, 0x0000000088c00000, 0x0000000088d00000|  0%| F|  |TAMS 0x0000000088c00000, 0x0000000088c00000| Untracked 
|  67|0x0000000088d00000, 0x0000000088d00000, 0x0000000088e00000|  0%| F|  |TAMS 0x0000000088d00000, 0x0000000088d00000| Untracked 
|  68|0x0000000088e00000, 0x0000000088e00000, 0x0000000088f00000|  0%| F|  |TAMS 0x0000000088e00000, 0x0000000088e00000| Untracked 
|  69|0x0000000088f00000, 0x0000000088f00000, 0x0000000089000000|  0%| F|  |TAMS 0x0000000088f00000, 0x0000000088f00000| Untracked 
|  70|0x0000000089000000, 0x0000000089000000, 0x0000000089100000|  0%| F|  |TAMS 0x0000000089000000, 0x0000000089000000| Untracked 
|  71|0x0000000089100000, 0x0000000089100000, 0x0000000089200000|  0%| F|  |TAMS 0x0000000089100000, 0x0000000089100000| Untracked 
|  72|0x0000000089200000, 0x0000000089200000, 0x0000000089300000|  0%| F|  |TAMS 0x0000000089200000, 0x0000000089200000| Untracked 
|  73|0x0000000089300000, 0x0000000089300000, 0x0000000089400000|  0%| F|  |TAMS 0x0000000089300000, 0x0000000089300000| Untracked 
|  74|0x0000000089400000, 0x0000000089400000, 0x0000000089500000|  0%| F|  |TAMS 0x0000000089400000, 0x0000000089400000| Untracked 
|  75|0x0000000089500000, 0x0000000089500000, 0x0000000089600000|  0%| F|  |TAMS 0x0000000089500000, 0x0000000089500000| Untracked 
|  76|0x0000000089600000, 0x0000000089600000, 0x0000000089700000|  0%| F|  |TAMS 0x0000000089600000, 0x0000000089600000| Untracked 
|  77|0x0000000089700000, 0x0000000089700000, 0x0000000089800000|  0%| F|  |TAMS 0x0000000089700000, 0x0000000089700000| Untracked 
|  78|0x0000000089800000, 0x0000000089800000, 0x0000000089900000|  0%| F|  |TAMS 0x0000000089800000, 0x0000000089800000| Untracked 
|  79|0x0000000089900000, 0x0000000089900000, 0x0000000089a00000|  0%| F|  |TAMS 0x0000000089900000, 0x0000000089900000| Untracked 
|  80|0x0000000089a00000, 0x0000000089a00000, 0x0000000089b00000|  0%| F|  |TAMS 0x0000000089a00000, 0x0000000089a00000| Untracked 
|  81|0x0000000089b00000, 0x0000000089b00000, 0x0000000089c00000|  0%| F|  |TAMS 0x0000000089b00000, 0x0000000089b00000| Untracked 
|  82|0x0000000089c00000, 0x0000000089c00000, 0x0000000089d00000|  0%| F|  |TAMS 0x0000000089c00000, 0x0000000089c00000| Untracked 
|  83|0x0000000089d00000, 0x0000000089d00000, 0x0000000089e00000|  0%| F|  |TAMS 0x0000000089d00000, 0x0000000089d00000| Untracked 
|  84|0x0000000089e00000, 0x0000000089e00000, 0x0000000089f00000|  0%| F|  |TAMS 0x0000000089e00000, 0x0000000089e00000| Untracked 
|  85|0x0000000089f00000, 0x0000000089f00000, 0x000000008a000000|  0%| F|  |TAMS 0x0000000089f00000, 0x0000000089f00000| Untracked 
|  86|0x000000008a000000, 0x000000008a000000, 0x000000008a100000|  0%| F|  |TAMS 0x000000008a000000, 0x000000008a000000| Untracked 
|  87|0x000000008a100000, 0x000000008a100000, 0x000000008a200000|  0%| F|  |TAMS 0x000000008a100000, 0x000000008a100000| Untracked 
|  88|0x000000008a200000, 0x000000008a200000, 0x000000008a300000|  0%| F|  |TAMS 0x000000008a200000, 0x000000008a200000| Untracked 
|  89|0x000000008a300000, 0x000000008a300000, 0x000000008a400000|  0%| F|  |TAMS 0x000000008a300000, 0x000000008a300000| Untracked 
|  90|0x000000008a400000, 0x000000008a400000, 0x000000008a500000|  0%| F|  |TAMS 0x000000008a400000, 0x000000008a400000| Untracked 
|  91|0x000000008a500000, 0x000000008a500000, 0x000000008a600000|  0%| F|  |TAMS 0x000000008a500000, 0x000000008a500000| Untracked 
|  92|0x000000008a600000, 0x000000008a600000, 0x000000008a700000|  0%| F|  |TAMS 0x000000008a600000, 0x000000008a600000| Untracked 
|  93|0x000000008a700000, 0x000000008a700000, 0x000000008a800000|  0%| F|  |TAMS 0x000000008a700000, 0x000000008a700000| Untracked 
|  94|0x000000008a800000, 0x000000008a800000, 0x000000008a900000|  0%| F|  |TAMS 0x000000008a800000, 0x000000008a800000| Untracked 
|  95|0x000000008a900000, 0x000000008a900000, 0x000000008aa00000|  0%| F|  |TAMS 0x000000008a900000, 0x000000008a900000| Untracked 
|  96|0x000000008aa00000, 0x000000008aa00000, 0x000000008ab00000|  0%| F|  |TAMS 0x000000008aa00000, 0x000000008aa00000| Untracked 
|  97|0x000000008ab00000, 0x000000008ab00000, 0x000000008ac00000|  0%| F|  |TAMS 0x000000008ab00000, 0x000000008ab00000| Untracked 
|  98|0x000000008ac00000, 0x000000008ac00000, 0x000000008ad00000|  0%| F|  |TAMS 0x000000008ac00000, 0x000000008ac00000| Untracked 
|  99|0x000000008ad00000, 0x000000008ad00000, 0x000000008ae00000|  0%| F|  |TAMS 0x000000008ad00000, 0x000000008ad00000| Untracked 
| 100|0x000000008ae00000, 0x000000008ae00000, 0x000000008af00000|  0%| F|  |TAMS 0x000000008ae00000, 0x000000008ae00000| Untracked 
| 101|0x000000008af00000, 0x000000008af00000, 0x000000008b000000|  0%| F|  |TAMS 0x000000008af00000, 0x000000008af00000| Untracked 
| 102|0x000000008b000000, 0x000000008b000000, 0x000000008b100000|  0%| F|  |TAMS 0x000000008b000000, 0x000000008b000000| Untracked 
| 103|0x000000008b100000, 0x000000008b100000, 0x000000008b200000|  0%| F|  |TAMS 0x000000008b100000, 0x000000008b100000| Untracked 
| 104|0x000000008b200000, 0x000000008b200000, 0x000000008b300000|  0%| F|  |TAMS 0x000000008b200000, 0x000000008b200000| Untracked 
| 105|0x000000008b300000, 0x000000008b300000, 0x000000008b400000|  0%| F|  |TAMS 0x000000008b300000, 0x000000008b300000| Untracked 
| 106|0x000000008b400000, 0x000000008b400000, 0x000000008b500000|  0%| F|  |TAMS 0x000000008b400000, 0x000000008b400000| Untracked 
| 107|0x000000008b500000, 0x000000008b500000, 0x000000008b600000|  0%| F|  |TAMS 0x000000008b500000, 0x000000008b500000| Untracked 
| 108|0x000000008b600000, 0x000000008b600000, 0x000000008b700000|  0%| F|  |TAMS 0x000000008b600000, 0x000000008b600000| Untracked 
| 109|0x000000008b700000, 0x000000008b700000, 0x000000008b800000|  0%| F|  |TAMS 0x000000008b700000, 0x000000008b700000| Untracked 
| 110|0x000000008b800000, 0x000000008b800000, 0x000000008b900000|  0%| F|  |TAMS 0x000000008b800000, 0x000000008b800000| Untracked 
| 111|0x000000008b900000, 0x000000008b900000, 0x000000008ba00000|  0%| F|  |TAMS 0x000000008b900000, 0x000000008b900000| Untracked 
| 112|0x000000008ba00000, 0x000000008ba00000, 0x000000008bb00000|  0%| F|  |TAMS 0x000000008ba00000, 0x000000008ba00000| Untracked 
| 113|0x000000008bb00000, 0x000000008bc00000, 0x000000008bc00000|100%| E|  |TAMS 0x000000008bb00000, 0x000000008bb00000| Complete 
| 114|0x000000008bc00000, 0x000000008bd00000, 0x000000008bd00000|100%| E|CS|TAMS 0x000000008bc00000, 0x000000008bc00000| Complete 
| 115|0x000000008bd00000, 0x000000008be00000, 0x000000008be00000|100%| E|CS|TAMS 0x000000008bd00000, 0x000000008bd00000| Complete 
| 116|0x000000008be00000, 0x000000008bf00000, 0x000000008bf00000|100%| E|CS|TAMS 0x000000008be00000, 0x000000008be00000| Complete 
| 117|0x000000008bf00000, 0x000000008c000000, 0x000000008c000000|100%| E|CS|TAMS 0x000000008bf00000, 0x000000008bf00000| Complete 
| 118|0x000000008c000000, 0x000000008c100000, 0x000000008c100000|100%| E|CS|TAMS 0x000000008c000000, 0x000000008c000000| Complete 
| 119|0x000000008c100000, 0x000000008c200000, 0x000000008c200000|100%| E|CS|TAMS 0x000000008c100000, 0x000000008c100000| Complete 
| 120|0x000000008c200000, 0x000000008c300000, 0x000000008c300000|100%| E|CS|TAMS 0x000000008c200000, 0x000000008c200000| Complete 
| 121|0x000000008c300000, 0x000000008c400000, 0x000000008c400000|100%| E|  |TAMS 0x000000008c300000, 0x000000008c300000| Complete 
| 122|0x000000008c400000, 0x000000008c500000, 0x000000008c500000|100%| E|CS|TAMS 0x000000008c400000, 0x000000008c400000| Complete 
| 123|0x000000008c500000, 0x000000008c600000, 0x000000008c600000|100%| E|CS|TAMS 0x000000008c500000, 0x000000008c500000| Complete 

Card table byte_map: [0x000001d3f9510000,0x000001d3f98f0000] _byte_map_base: 0x000001d3f90eb000

Marking Bits (Prev, Next): (CMBitMap*) 0x000001d3f8dafed0, (CMBitMap*) 0x000001d3f8daff10
 Prev Bits: [0x000001d3f9cd0000, 0x000001d3fbba8000)
 Next Bits: [0x000001d3fbbb0000, 0x000001d3fda88000)

Polling page: 0x000001d3f8500000

Metaspace:

Usage:
  Non-class:      2.14 MB used.
      Class:    215.50 KB used.
       Both:      2.35 MB used.

Virtual space:
  Non-class space:       64.00 MB reserved,       2.19 MB (  3%) committed,  1 nodes.
      Class space:        1.00 GB reserved,     256.00 KB ( <1%) committed,  1 nodes.
             Both:        1.06 GB reserved,       2.44 MB ( <1%) committed. 

Chunk freelists:
   Non-Class:  11.31 MB
       Class:  15.64 MB
        Both:  26.95 MB

MaxMetaspaceSize: unlimited
CompressedClassSpaceSize: 1.00 GB
Initial GC threshold: 21.00 MB
Current GC threshold: 21.00 MB
CDS: on
MetaspaceReclaimPolicy: balanced
 - commit_granule_bytes: 65536.
 - commit_granule_words: 8192.
 - virtual_space_node_default_size: 8388608.
 - enlarge_chunks_in_place: 1.
 - new_chunks_are_fully_committed: 0.
 - uncommit_free_chunks: 1.
 - use_allocation_guard: 0.
 - handle_deallocations: 1.


Internal statistics:

num_allocs_failed_limit: 0.
num_arena_births: 52.
num_arena_deaths: 0.
num_vsnodes_births: 2.
num_vsnodes_deaths: 0.
num_space_committed: 39.
num_space_uncommitted: 0.
num_chunks_returned_to_freelist: 0.
num_chunks_taken_from_freelist: 97.
num_chunk_merges: 0.
num_chunk_splits: 64.
num_chunks_enlarged: 43.
num_inconsistent_stats: 0.

CodeHeap 'non-profiled nmethods': size=120000Kb used=194Kb max_used=194Kb free=119805Kb
 bounds [0x000001d38f550000, 0x000001d38f7c0000, 0x000001d396a80000]
CodeHeap 'profiled nmethods': size=120000Kb used=1065Kb max_used=1065Kb free=118934Kb
 bounds [0x000001d387a80000, 0x000001d387cf0000, 0x000001d38efb0000]
CodeHeap 'non-nmethods': size=5760Kb used=1144Kb max_used=1153Kb free=4615Kb
 bounds [0x000001d38efb0000, 0x000001d38f220000, 0x000001d38f550000]
 total_blobs=1042 nmethods=624 adapters=330
 compilation: enabled
              stopped_count=0, restarted_count=0
 full_count=0

Compilation events (20 events):
Event: 0.459 Thread 0x000001d396fa6c40 nmethod 502 0x000001d387b42410 code [0x000001d387b425a0, 0x000001d387b42758]
Event: 0.460 Thread 0x000001d396fa6c40  505       3       jdk.internal.org.objectweb.asm.ByteVector::putUTF8 (144 bytes)
Event: 0.461 Thread 0x000001d396fa6c40 nmethod 505 0x000001d387b42810 code [0x000001d387b42a80, 0x000001d387b43588]
Event: 0.461 Thread 0x000001d396fa6c40  506       3       java.lang.invoke.MethodType::equals (56 bytes)
Event: 0.462 Thread 0x000001d396fa6c40 nmethod 506 0x000001d387b43a90 code [0x000001d387b43cc0, 0x000001d387b44858]
Event: 0.462 Thread 0x000001d396fa6c40  507       3       jdk.internal.org.objectweb.asm.SymbolTable::hash (10 bytes)
Event: 0.462 Thread 0x000001d396fa6c40 nmethod 507 0x000001d387b44a10 code [0x000001d387b44ba0, 0x000001d387b44cc8]
Event: 0.462 Thread 0x000001d3dc1087d0 nmethod 490 0x000001d38f576110 code [0x000001d38f5762a0, 0x000001d38f576598]
Event: 0.463 Thread 0x000001d396fa6c40  508       3       jdk.internal.util.jar.JarIndex::get (49 bytes)
Event: 0.464 Thread 0x000001d396fa6c40 nmethod 508 0x000001d387b44d90 code [0x000001d387b44fc0, 0x000001d387b458a8]
Event: 0.464 Thread 0x000001d396fa6c40  509       3       java.util.AbstractList::<init> (10 bytes)
Event: 0.464 Thread 0x000001d396fa6c40 nmethod 509 0x000001d387b45b90 code [0x000001d387b45d40, 0x000001d387b45f18]
Event: 0.464 Thread 0x000001d396fa6c40  510       3       java.util.concurrent.ConcurrentHashMap$Traverser::advance (188 bytes)
Event: 0.464 Thread 0x000001d3dc1087d0  512       4       java.nio.DirectByteBuffer::ix (10 bytes)
Event: 0.465 Thread 0x000001d3dc1087d0 nmethod 512 0x000001d38f576810 code [0x000001d38f576980, 0x000001d38f5769f8]
Event: 0.465 Thread 0x000001d396fa6c40 nmethod 510 0x000001d387b46010 code [0x000001d387b46260, 0x000001d387b46e48]
Event: 0.465 Thread 0x000001d396fa6c40  511       3       jdk.internal.jimage.ImageLocation::readValue (61 bytes)
Event: 0.465 Thread 0x000001d396fa6c40 nmethod 511 0x000001d387b47110 code [0x000001d387b472e0, 0x000001d387b47698]
Event: 0.465 Thread 0x000001d396fa6c40  513       3       java.net.URLStreamHandler::parseURL (1201 bytes)
Event: 0.465 Thread 0x000001d3dc1087d0  514       4       java.lang.StringLatin1::replace (198 bytes)

GC Heap History (0 events):
No events

Dll operation events (10 events):
Event: 0.014 Loaded shared library C:\Program Files\Eclipse Adoptium\jdk-17.0.12.7-hotspot\bin\java.dll
Event: 0.035 Loaded shared library C:\Program Files\Eclipse Adoptium\jdk-17.0.12.7-hotspot\bin\jsvml.dll
Event: 0.154 Loaded shared library C:\Program Files\Eclipse Adoptium\jdk-17.0.12.7-hotspot\bin\zip.dll
Event: 0.158 Loaded shared library C:\Program Files\Eclipse Adoptium\jdk-17.0.12.7-hotspot\bin\instrument.dll
Event: 0.165 Loaded shared library C:\Program Files\Eclipse Adoptium\jdk-17.0.12.7-hotspot\bin\net.dll
Event: 0.167 Loaded shared library C:\Program Files\Eclipse Adoptium\jdk-17.0.12.7-hotspot\bin\nio.dll
Event: 0.170 Loaded shared library C:\Program Files\Eclipse Adoptium\jdk-17.0.12.7-hotspot\bin\zip.dll
Event: 0.323 Loaded shared library E:\IntelliJ IDEA Community Edition 2024.3.1.1\bin\breakgen64.dll
Event: 0.351 Loaded shared library C:\Program Files\Eclipse Adoptium\jdk-17.0.12.7-hotspot\bin\extnet.dll
Event: 0.384 Loaded shared library C:\Program Files\Eclipse Adoptium\jdk-17.0.12.7-hotspot\bin\jimage.dll

Deoptimization events (20 events):
Event: 0.315 Thread 0x000001d3f8d56360 Uncommon trap: trap_request=0xffffff45 fr.pc=0x000001d38f565818 relative=0x0000000000000178
Event: 0.315 Thread 0x000001d3f8d56360 Uncommon trap: reason=unstable_if action=reinterpret pc=0x000001d38f565818 method=java.util.zip.ZipFile$Source.isMetaName([BII)Z @ 57 c2
Event: 0.315 Thread 0x000001d3f8d56360 DEOPT PACKING pc=0x000001d38f565818 sp=0x000000adf9bfdbf0
Event: 0.315 Thread 0x000001d3f8d56360 DEOPT UNPACKING pc=0x000001d38f00a1a3 sp=0x000000adf9bfdb98 mode 2
Event: 0.397 Thread 0x000001d3f8d56360 Uncommon trap: trap_request=0xffffff45 fr.pc=0x000001d38f562b64 relative=0x0000000000000064
Event: 0.397 Thread 0x000001d3f8d56360 Uncommon trap: reason=unstable_if action=reinterpret pc=0x000001d38f562b64 method=java.io.WinNTFileSystem.isSlash(C)Z @ 9 c2
Event: 0.397 Thread 0x000001d3f8d56360 DEOPT PACKING pc=0x000001d38f562b64 sp=0x000000adf9bfd760
Event: 0.397 Thread 0x000001d3f8d56360 DEOPT UNPACKING pc=0x000001d38f00a1a3 sp=0x000000adf9bfd6e8 mode 2
Event: 0.441 Thread 0x000001d3f8d56360 Uncommon trap: trap_request=0xffffff6e fr.pc=0x000001d38f56dfe0 relative=0x0000000000000160
Event: 0.441 Thread 0x000001d3f8d56360 Uncommon trap: reason=loop_limit_check action=maybe_recompile pc=0x000001d38f56dfe0 method=java.lang.StringLatin1.lastIndexOf([BII)I @ 19 c2
Event: 0.441 Thread 0x000001d3f8d56360 DEOPT PACKING pc=0x000001d38f56dfe0 sp=0x000000adf9bfc7e0
Event: 0.441 Thread 0x000001d3f8d56360 DEOPT UNPACKING pc=0x000001d38f00a1a3 sp=0x000000adf9bfc760 mode 2
Event: 0.448 Thread 0x000001d3f8d56360 Uncommon trap: trap_request=0xffffff45 fr.pc=0x000001d38f5729fc relative=0x000000000000025c
Event: 0.448 Thread 0x000001d3f8d56360 Uncommon trap: reason=unstable_if action=reinterpret pc=0x000001d38f5729fc method=java.io.BufferedReader.read()I @ 19 c2
Event: 0.448 Thread 0x000001d3f8d56360 DEOPT PACKING pc=0x000001d38f5729fc sp=0x000000adf9bfc8b0
Event: 0.448 Thread 0x000001d3f8d56360 DEOPT UNPACKING pc=0x000001d38f00a1a3 sp=0x000000adf9bfc7f0 mode 2
Event: 0.449 Thread 0x000001d3f8d56360 Uncommon trap: trap_request=0xffffff6e fr.pc=0x000001d38f573218 relative=0x00000000000003f8
Event: 0.449 Thread 0x000001d3f8d56360 Uncommon trap: reason=loop_limit_check action=maybe_recompile pc=0x000001d38f573218 method=java.lang.StringLatin1.indexOf([BI[BII)I @ 37 c2
Event: 0.449 Thread 0x000001d3f8d56360 DEOPT PACKING pc=0x000001d38f573218 sp=0x000000adf9bfc900
Event: 0.449 Thread 0x000001d3f8d56360 DEOPT UNPACKING pc=0x000001d38f00a1a3 sp=0x000000adf9bfc860 mode 2

Classes loaded (20 events):
Event: 0.452 Loading class sun/security/provider/PolicyFile$SelfPermission
Event: 0.452 Loading class sun/security/provider/PolicyFile$SelfPermission done
Event: 0.452 Loading class java/net/SocketPermissionCollection
Event: 0.452 Loading class java/net/SocketPermissionCollection done
Event: 0.452 Loading class java/net/SocketPermissionCollection$1
Event: 0.452 Loading class java/net/SocketPermissionCollection$1 done
Event: 0.452 Loading class java/util/PropertyPermissionCollection
Event: 0.453 Loading class java/util/PropertyPermissionCollection done
Event: 0.453 Loading class java/util/PropertyPermissionCollection$1
Event: 0.453 Loading class java/util/PropertyPermissionCollection$1 done
Event: 0.453 Loading class java/io/FilePermissionCollection
Event: 0.453 Loading class java/io/FilePermissionCollection done
Event: 0.453 Loading class java/io/FilePermissionCollection$1
Event: 0.453 Loading class java/io/FilePermissionCollection$1 done
Event: 0.453 Loading class java/security/PermissionsEnumerator
Event: 0.454 Loading class java/security/PermissionsEnumerator done
Event: 0.454 Loading class java/security/AccessControlException
Event: 0.454 Loading class java/security/AccessControlException done
Event: 0.465 Loading class java/util/zip/ZipFile$ZipEntryIterator
Event: 0.465 Loading class java/util/zip/ZipFile$ZipEntryIterator done

Classes unloaded (0 events):
No events

Classes redefined (0 events):
No events

Internal exceptions (4 events):
Event: 0.332 Thread 0x000001d3dc3ce1a0 Exception <a 'java/lang/NoSuchMethodError'{0x000000008be7d178}: 'java.lang.Object java.lang.invoke.DirectMethodHandle$Holder.invokeStaticInit(java.lang.Object)'> (0x000000008be7d178) 
thrown [s\src\hotspot\share\interpreter\linkResolver.cpp, line 759]
Event: 0.353 Thread 0x000001d3dc3ce1a0 Exception <a 'java/lang/NoSuchMethodError'{0x000000008be8be10}: 'void java.lang.invoke.DirectMethodHandle$Holder.invokeStatic(java.lang.Object, java.lang.Object)'> (0x000000008be8be10) 
thrown [s\src\hotspot\share\interpreter\linkResolver.cpp, line 759]
Event: 0.443 Thread 0x000001d3f8d56360 Exception <a 'java/lang/ClassNotFoundException'{0x000000008bcc0030}: javax/smartcardio/CardPermission> (0x000000008bcc0030) 
thrown [s\src\hotspot\share\classfile\systemDictionary.cpp, line 256]
Event: 0.450 Thread 0x000001d3f8d56360 Exception <a 'java/io/FileNotFoundException'{0x000000008bcce8c8}> (0x000000008bcce8c8) 
thrown [s\src\hotspot\share\prims\jni.cpp, line 516]

VM Operations (10 events):
Event: 0.142 Executing VM operation: HandshakeAllThreads
Event: 0.142 Executing VM operation: HandshakeAllThreads done
Event: 0.326 Executing VM operation: HandshakeAllThreads
Event: 0.326 Executing VM operation: HandshakeAllThreads done
Event: 0.355 Executing VM operation: HandshakeAllThreads
Event: 0.355 Executing VM operation: HandshakeAllThreads done
Event: 0.380 Executing VM operation: HandshakeAllThreads
Event: 0.380 Executing VM operation: HandshakeAllThreads done
Event: 0.397 Executing VM operation: HandshakeAllThreads
Event: 0.397 Executing VM operation: HandshakeAllThreads done

Events (13 events):
Event: 0.035 Thread 0x000001d3f8d56360 Thread added: 0x000001d3f8d56360
Event: 0.038 Thread 0x000001d396f83ff0 Thread added: 0x000001d396f83ff0
Event: 0.038 Thread 0x000001d396f86ac0 Thread added: 0x000001d396f86ac0
Event: 0.048 Thread 0x000001d396f9e960 Thread added: 0x000001d396f9e960
Event: 0.048 Thread 0x000001d396f9f320 Thread added: 0x000001d396f9f320
Event: 0.048 Thread 0x000001d396f9fce0 Thread added: 0x000001d396f9fce0
Event: 0.048 Thread 0x000001d396fa2ab0 Thread added: 0x000001d396fa2ab0
Event: 0.048 Thread 0x000001d3dc1087d0 Thread added: 0x000001d3dc1087d0
Event: 0.049 Thread 0x000001d396fa6c40 Thread added: 0x000001d396fa6c40
Event: 0.049 Thread 0x000001d396fad5c0 Thread added: 0x000001d396fad5c0
Event: 0.136 Thread 0x000001d3dc1fd790 Thread added: 0x000001d3dc1fd790
Event: 0.324 Thread 0x000001d3dc3ce1a0 Thread added: 0x000001d3dc3ce1a0
Event: 0.324 Thread 0x000001d3dc3e9c30 Thread added: 0x000001d3dc3e9c30


Dynamic libraries:
0x00007ff6f9150000 - 0x00007ff6f915e000 	C:\Program Files\Eclipse Adoptium\jdk-17.0.12.7-hotspot\bin\java.exe
0x00007ffb2f2f0000 - 0x00007ffb2f507000 	C:\WINDOWS\SYSTEM32\ntdll.dll
0x00007ffb2dab0000 - 0x00007ffb2db74000 	C:\WINDOWS\System32\KERNEL32.DLL
0x00007ffb2ca80000 - 0x00007ffb2ce39000 	C:\WINDOWS\System32\KERNELBASE.dll
0x00007ffb2cec0000 - 0x00007ffb2cfd1000 	C:\WINDOWS\System32\ucrtbase.dll
0x00007ffb1d7c0000 - 0x00007ffb1d7db000 	C:\Program Files\Eclipse Adoptium\jdk-17.0.12.7-hotspot\bin\VCRUNTIME140.dll
0x00007ffb1d4e0000 - 0x00007ffb1d4f7000 	C:\Program Files\Eclipse Adoptium\jdk-17.0.12.7-hotspot\bin\jli.dll
0x00007ffb2d900000 - 0x00007ffb2daae000 	C:\WINDOWS\System32\USER32.dll
0x00007ffb1e3f0000 - 0x00007ffb1e682000 	C:\WINDOWS\WinSxS\amd64_microsoft.windows.common-controls_6595b64144ccf1df_6.0.22621.4391_none_2715d37f73803e96\COMCTL32.dll
0x00007ffb2e240000 - 0x00007ffb2e2e7000 	C:\WINDOWS\System32\msvcrt.dll
0x00007ffb2e4a0000 - 0x00007ffb2e4c9000 	C:\WINDOWS\System32\GDI32.dll
0x00007ffb2ca50000 - 0x00007ffb2ca76000 	C:\WINDOWS\System32\win32u.dll
0x00007ffb2c890000 - 0x00007ffb2c9ab000 	C:\WINDOWS\System32\gdi32full.dll
0x00007ffb2c9b0000 - 0x00007ffb2ca4a000 	C:\WINDOWS\System32\msvcp_win.dll
0x00007ffb2e800000 - 0x00007ffb2e831000 	C:\WINDOWS\System32\IMM32.DLL
0x00007ffb26870000 - 0x00007ffb2687c000 	C:\Program Files\Eclipse Adoptium\jdk-17.0.12.7-hotspot\bin\vcruntime140_1.dll
0x00007ffb09dc0000 - 0x00007ffb09e4d000 	C:\Program Files\Eclipse Adoptium\jdk-17.0.12.7-hotspot\bin\msvcp140.dll
0x00007ffaa5640000 - 0x00007ffaa62aa000 	C:\Program Files\Eclipse Adoptium\jdk-17.0.12.7-hotspot\bin\server\jvm.dll
0x00007ffb2d840000 - 0x00007ffb2d8f2000 	C:\WINDOWS\System32\ADVAPI32.dll
0x00007ffb2e980000 - 0x00007ffb2ea27000 	C:\WINDOWS\System32\sechost.dll
0x00007ffb2cfe0000 - 0x00007ffb2d008000 	C:\WINDOWS\System32\bcrypt.dll
0x00007ffb2e120000 - 0x00007ffb2e234000 	C:\WINDOWS\System32\RPCRT4.dll
0x00007ffb2e900000 - 0x00007ffb2e971000 	C:\WINDOWS\System32\WS2_32.dll
0x00007ffb2b440000 - 0x00007ffb2b48d000 	C:\WINDOWS\SYSTEM32\POWRPROF.dll
0x00007ffb21b30000 - 0x00007ffb21b64000 	C:\WINDOWS\SYSTEM32\WINMM.dll
0x00007ffb1fe10000 - 0x00007ffb1fe1a000 	C:\WINDOWS\SYSTEM32\VERSION.dll
0x00007ffb2b420000 - 0x00007ffb2b433000 	C:\WINDOWS\SYSTEM32\UMPDC.dll
0x00007ffb2b640000 - 0x00007ffb2b658000 	C:\WINDOWS\SYSTEM32\kernel.appcore.dll
0x00007ffb21d30000 - 0x00007ffb21d3a000 	C:\Program Files\Eclipse Adoptium\jdk-17.0.12.7-hotspot\bin\jimage.dll
0x00007ffb29f60000 - 0x00007ffb2a192000 	C:\WINDOWS\SYSTEM32\DBGHELP.DLL
0x00007ffb2d490000 - 0x00007ffb2d81f000 	C:\WINDOWS\System32\combase.dll
0x00007ffb2e690000 - 0x00007ffb2e767000 	C:\WINDOWS\System32\OLEAUT32.dll
0x00007ffb1d7e0000 - 0x00007ffb1d812000 	C:\WINDOWS\SYSTEM32\dbgcore.DLL
0x00007ffb2ce40000 - 0x00007ffb2cebb000 	C:\WINDOWS\System32\bcryptPrimitives.dll
0x00007ffb1d780000 - 0x00007ffb1d78e000 	C:\Program Files\Eclipse Adoptium\jdk-17.0.12.7-hotspot\bin\instrument.dll
0x00007ffb157d0000 - 0x00007ffb157f5000 	C:\Program Files\Eclipse Adoptium\jdk-17.0.12.7-hotspot\bin\java.dll
0x00007ffb09080000 - 0x00007ffb09157000 	C:\Program Files\Eclipse Adoptium\jdk-17.0.12.7-hotspot\bin\jsvml.dll
0x00007ffb2ea30000 - 0x00007ffb2f2a6000 	C:\WINDOWS\System32\SHELL32.dll
0x00007ffb2a4e0000 - 0x00007ffb2ade3000 	C:\WINDOWS\SYSTEM32\windows.storage.dll
0x00007ffb2a3a0000 - 0x00007ffb2a4df000 	C:\WINDOWS\SYSTEM32\wintypes.dll
0x00007ffb2dd40000 - 0x00007ffb2de39000 	C:\WINDOWS\System32\SHCORE.dll
0x00007ffb2e7a0000 - 0x00007ffb2e7fe000 	C:\WINDOWS\System32\shlwapi.dll
0x00007ffb2c520000 - 0x00007ffb2c54b000 	C:\WINDOWS\SYSTEM32\profapi.dll
0x00007ffb13600000 - 0x00007ffb13618000 	C:\Program Files\Eclipse Adoptium\jdk-17.0.12.7-hotspot\bin\zip.dll
0x00007ffb1d4c0000 - 0x00007ffb1d4d9000 	C:\Program Files\Eclipse Adoptium\jdk-17.0.12.7-hotspot\bin\net.dll
0x00007ffb23720000 - 0x00007ffb23856000 	C:\WINDOWS\SYSTEM32\WINHTTP.dll
0x00007ffb2bb60000 - 0x00007ffb2bbc9000 	C:\WINDOWS\system32\mswsock.dll
0x00007ffb14de0000 - 0x00007ffb14df6000 	C:\Program Files\Eclipse Adoptium\jdk-17.0.12.7-hotspot\bin\nio.dll
0x00007ffb099d0000 - 0x00007ffb099ea000 	E:\IntelliJ IDEA Community Edition 2024.3.1.1\bin\breakgen64.dll
0x00007ffb1cc90000 - 0x00007ffb1cc99000 	C:\Program Files\Eclipse Adoptium\jdk-17.0.12.7-hotspot\bin\extnet.dll

dbghelp: loaded successfully - version: 4.0.5 - missing functions: none
symbol engine: initialized successfully - sym options: 0x614 - pdb path: .;C:\Program Files\Eclipse Adoptium\jdk-17.0.12.7-hotspot\bin;C:\WINDOWS\SYSTEM32;C:\WINDOWS\WinSxS\amd64_microsoft.windows.common-controls_6595b64144ccf1df_6.0.22621.4391_none_2715d37f73803e96;C:\Program Files\Eclipse Adoptium\jdk-17.0.12.7-hotspot\bin\server;E:\IntelliJ IDEA Community Edition 2024.3.1.1\bin

VM Arguments:
jvm_args: -javaagent:E:\IntelliJ IDEA Community Edition 2024.3.1.1\lib\idea_rt.jar=54897:E:\IntelliJ IDEA Community Edition 2024.3.1.1\bin -Dfile.encoding=UTF-8 
java_command: com.example.shop.ShopApplication
java_class_path (initial): D:\CNPM_Project\shop\target\classes;C:\Users\ASUS\.m2\repository\org\springframework\boot\spring-boot-starter-oauth2-resource-server\3.4.2\spring-boot-starter-oauth2-resource-server-3.4.2.jar;C:\Users\ASUS\.m2\repository\org\springframework\boot\spring-boot-starter\3.4.2\spring-boot-starter-3.4.2.jar;C:\Users\ASUS\.m2\repository\org\springframework\boot\spring-boot-starter-logging\3.4.2\spring-boot-starter-logging-3.4.2.jar;C:\Users\ASUS\.m2\repository\ch\qos\logback\logback-classic\1.5.16\logback-classic-1.5.16.jar;C:\Users\ASUS\.m2\repository\ch\qos\logback\logback-core\1.5.16\logback-core-1.5.16.jar;C:\Users\ASUS\.m2\repository\org\apache\logging\log4j\log4j-to-slf4j\2.24.3\log4j-to-slf4j-2.24.3.jar;C:\Users\ASUS\.m2\repository\org\apache\logging\log4j\log4j-api\2.24.3\log4j-api-2.24.3.jar;C:\Users\ASUS\.m2\repository\org\slf4j\jul-to-slf4j\2.0.16\jul-to-slf4j-2.0.16.jar;C:\Users\ASUS\.m2\repository\jakarta\annotation\jakarta.annotation-api\2.1.1\jakarta.annotation-api-2.1.1.jar;C:\Users\ASUS\.m2\repository\org\yaml\snakeyaml\2.3\snakeyaml-2.3.jar;C:\Users\ASUS\.m2\repository\org\springframework\security\spring-security-config\6.4.2\spring-security-config-6.4.2.jar;C:\Users\ASUS\.m2\repository\org\springframework\spring-beans\6.2.2\spring-beans-6.2.2.jar;C:\Users\ASUS\.m2\repository\org\springframework\spring-context\6.2.2\spring-context-6.2.2.jar;C:\Users\ASUS\.m2\repository\org\springframework\security\spring-security-core\6.4.2\spring-security-core-6.4.2.jar;C:\Users\ASUS\.m2\repository\org\springframework\security\spring-security-crypto\6.4.2\spring-security-crypto-6.4.2.jar;C:\Users\ASUS\.m2\repository\org\springframework\spring-expression\6.2.2\spring-expression-6.2.2.jar;C:\Users\ASUS\.m2\repository\io\micrometer\micrometer-observation\1.14.3\micrometer-observation-1.14.3.jar;C:\Users\ASUS\.m2\repository\io\micrometer\micrometer-commons\1.14.3\micrometer-commons-1.14.3.jar;C:\Users\ASUS\.m2\repository\org\springframework\securi
Launcher Type: SUN_STANDARD

[Global flags]
     intx CICompilerCount                          = 4                                         {product} {ergonomic}
     uint ConcGCThreads                            = 2                                         {product} {ergonomic}
     uint G1ConcRefinementThreads                  = 8                                         {product} {ergonomic}
   size_t G1HeapRegionSize                         = 1048576                                   {product} {ergonomic}
    uintx GCDrainStackTargetSize                   = 64                                        {product} {ergonomic}
   size_t InitialHeapSize                          = 130023424                                 {product} {ergonomic}
   size_t MarkStackSize                            = 4194304                                   {product} {ergonomic}
   size_t MaxHeapSize                              = 2069889024                                {product} {ergonomic}
   size_t MaxNewSize                               = 1241513984                                {product} {ergonomic}
   size_t MinHeapDeltaBytes                        = 1048576                                   {product} {ergonomic}
   size_t MinHeapSize                              = 8388608                                   {product} {ergonomic}
    uintx NonNMethodCodeHeapSize                   = 5839372                                {pd product} {ergonomic}
    uintx NonProfiledCodeHeapSize                  = 122909434                              {pd product} {ergonomic}
    uintx ProfiledCodeHeapSize                     = 122909434                              {pd product} {ergonomic}
    uintx ReservedCodeCacheSize                    = 251658240                              {pd product} {ergonomic}
     bool SegmentedCodeCache                       = true                                      {product} {ergonomic}
   size_t SoftMaxHeapSize                          = 2069889024                             {manageable} {ergonomic}
     bool UseCompressedClassPointers               = true                           {product lp64_product} {ergonomic}
     bool UseCompressedOops                        = true                           {product lp64_product} {ergonomic}
     bool UseG1GC                                  = true                                      {product} {ergonomic}
     bool UseLargePagesIndividualAllocation        = false                                  {pd product} {ergonomic}

Logging:
Log output configuration:
 #0: stdout all=warning uptime,level,tags
 #1: stderr all=off uptime,level,tags

Environment Variables:
JAVA_HOME=C:\Program Files\Eclipse Adoptium\jdk-17.0.12.7-hotspot\
PATH=C:\Python312\Scripts\;C:\Python312\;C:\Program Files\Python313\Scripts\;C:\Program Files\Python313\;C:\Program Files\Eclipse Adoptium\jdk-17.0.12.7-hotspot\bin;C:\Program Files (x86)\Common Files\Oracle\Java\javapath;C:\WINDOWS\system32;C:\WINDOWS;C:\WINDOWS\System32\Wbem;C:\WINDOWS\System32\WindowsPowerShell\v1.0\;C:\WINDOWS\System32\OpenSSH\;C:\MinGW\bin;C:\Program Files\Microsoft SQL Server\Client SDK\ODBC\170\Tools\Binn\;C:\Program Files (x86)\Microsoft SQL Server\150\Tools\Binn\;C:\Program Files\Microsoft SQL Server\150\Tools\Binn\;C:\Program Files\Microsoft SQL Server\150\DTS\Binn\;C:\Program Files (x86)\Microsoft SQL Server\150\DTS\Binn\;C:\Program Files\Azure Data Studio\bin;C:\Program Files\dotnet\;C:\Program Files\nodejs\;C:\ProgramData\chocolatey\bin;C:\Program Files\Git\cmd;C:\Python312\Scripts;C:\Python312;C:\Users\ASUS\AppData\Local\Programs\Python\Python313\Scripts;C:\Users\ASUS\AppData\Local\Programs\Python\Python313\;C:\Users\ASUS\AppData\Local\Microsoft\WindowsApps;C:\Users\ASUS\AppData\Local\Programs\Microsoft VS Code\bin;C:\Program Files\Azure Data Studio\bin;C:\Users\ASUS\.dotnet\tools;C:\Users\ASUS\AppData\Roaming\npm;E:\IntelliJ IDEA Community Edition 2024.3.1.1\bin;;
USERNAME=ASUS
OS=Windows_NT
PROCESSOR_IDENTIFIER=Intel64 Family 6 Model 140 Stepping 1, GenuineIntel
TMP=C:\Users\ASUS\AppData\Local\Temp
TEMP=C:\Users\ASUS\AppData\Local\Temp



Periodic native trim disabled


---------------  S Y S T E M  ---------------

OS:
 Windows 11 , 64 bit Build 22621 (10.0.22621.4391)
OS uptime: 0 days 8:09 hours
Hyper-V role detected

CPU: total 8 (initial active 8) (4 cores per cpu, 2 threads per core) family 6 model 140 stepping 1 microcode 0x9a, cx8, cmov, fxsr, ht, mmx, 3dnowpref, sse, sse2, sse3, ssse3, sse4.1, sse4.2, popcnt, lzcnt, tsc, tscinvbit, avx, avx2, aes, erms, clmul, bmi1, bmi2, adx, avx512f, avx512dq, avx512cd, avx512bw, avx512vl, sha, fma, vzeroupper, avx512_vpopcntdq, avx512_vpclmulqdq, avx512_vaes, avx512_vnni, clflush, clflushopt, clwb, avx512_vbmi2, avx512_vbmi, hv
Processor Information for all 8 processors :
  Max Mhz: 2419, Current Mhz: 2419, Mhz Limit: 2419

Memory: 4k page, system-wide physical 7888M (256M free)
TotalPageFile size 17022M (AvailPageFile size 0M)
current process WorkingSet (physical memory assigned to process): 58M, peak: 58M
current process commit charge ("private bytes"): 217M, peak: 217M

vm_info: OpenJDK 64-Bit Server VM (17.0.12+7) for windows-amd64 JRE (17.0.12+7), built on Jul 16 2024 22:08:24 by "admin" with MS VC++ 16.10 / 16.11 (VS2019)

END.
